<?xml version="1.0" encoding="UTF-8"?>
<testsuite name="com.learning.stream.forum.ForumTestSuite" tests="1" skipped="0" failures="0" errors="0" timestamp="2019-02-22T23:34:46" hostname="devMaz-Laptop" time="0.014">
  <properties/>
  <testcase name="testGetLocationOffFriends" classname="com.learning.stream.forum.ForumTestSuite" time="0.014"/>
  <system-out><![CDATA[]]></system-out>
  <system-err><![CDATA[]]></system-err>
</testsuite>
