<?xml version="1.0" encoding="UTF-8"?>
<testsuite name="com.learning.testing.weather.stub.WeatherForecastTestSuite" tests="1" skipped="0" failures="0" errors="0" timestamp="2019-02-14T19:36:45" hostname="devMaz-Laptop" time="0.176">
  <properties/>
  <testcase name="testCalculateForecastWithStub" classname="com.learning.testing.weather.stub.WeatherForecastTestSuite" time="0.176"/>
  <system-out><![CDATA[]]></system-out>
  <system-err><![CDATA[]]></system-err>
</testsuite>
