<?xml version="1.0" encoding="UTF-8"?>
<testsuite name="com.learning.testing.forum.tdd.ForumTestSuite" tests="8" skipped="0" failures="0" errors="0" timestamp="2019-02-14T19:36:45" hostname="devMaz-Laptop" time="0.012">
  <properties/>
  <testcase name="testRemovePostNotExisting" classname="com.learning.testing.forum.tdd.ForumTestSuite" time="0.002"/>
  <testcase name="testAddPost" classname="com.learning.testing.forum.tdd.ForumTestSuite" time="0.0"/>
  <testcase name="testGetPost" classname="com.learning.testing.forum.tdd.ForumTestSuite" time="0.001"/>
  <testcase name="testRemoveCommentNotExisting" classname="com.learning.testing.forum.tdd.ForumTestSuite" time="0.003"/>
  <testcase name="testRemoveComment" classname="com.learning.testing.forum.tdd.ForumTestSuite" time="0.0"/>
  <testcase name="testRemovePost" classname="com.learning.testing.forum.tdd.ForumTestSuite" time="0.001"/>
  <testcase name="testGetComment" classname="com.learning.testing.forum.tdd.ForumTestSuite" time="0.0"/>
  <testcase name="testAddComment" classname="com.learning.testing.forum.tdd.ForumTestSuite" time="0.0"/>
  <system-out><![CDATA[Begininig of tests
Prepering to execute test nr: 1
Test nr 1 is completed
Prepering to execute test nr: 2
Test nr 2 is completed
Prepering to execute test nr: 3
Test nr 3 is completed
Prepering to execute test nr: 4
Test nr 4 is completed
Prepering to execute test nr: 5
Test nr 5 is completed
Prepering to execute test nr: 6
ForumPost{postbody='Hello everyone, this is my first contribution here!', author='mrsmith'}
Test nr 6 is completed
Prepering to execute test nr: 7
Test nr 7 is completed
Prepering to execute test nr: 8
Test nr 8 is completed
All tests are finished
]]></system-out>
  <system-err><![CDATA[]]></system-err>
</testsuite>
