<?xml version="1.0" encoding="UTF-8"?>
<testsuite name="com.learning.patterns.prototype.library.LibraryTestSuite" tests="1" skipped="0" failures="0" errors="0" timestamp="2019-02-22T23:34:44" hostname="devMaz-Laptop" time="0.007">
  <properties/>
  <testcase name="testGetBooks" classname="com.learning.patterns.prototype.library.LibraryTestSuite" time="0.007"/>
  <system-out><![CDATA[[Book{title='Dan Brown', author='The Da Vinci Code', publicationDate=2003-01-01}, Book{title='Cao Xueqin', author='Dream of the Red Chamber', publicationDate=1791-01-01}, Book{title='H. Rider Haggard', author='She: A History of Adventure', publicationDate=1886-01-01}, Book{title='J.K. Rowling', author='Harry Potter and the Philosopher's Stone', publicationDate=1997-01-01}, Book{title='Antoine de Saint-ExupĂ©ry', author='The Little Prince', publicationDate=1943-01-01}, Book{title='C.S. Lewis', author='The Lion, the Witch, and the Wardrobe', publicationDate=1950-01-01}, Book{title='Charles Dickens', author='A Tale of Two Cities', publicationDate=1859-01-01}]
[Book{title='Dan Brown', author='The Da Vinci Code', publicationDate=2003-01-01}, Book{title='Cao Xueqin', author='Dream of the Red Chamber', publicationDate=1791-01-01}, Book{title='H. Rider Haggard', author='She: A History of Adventure', publicationDate=1886-01-01}, Book{title='J.K. Rowling', author='Harry Potter and the Philosopher's Stone', publicationDate=1997-01-01}, Book{title='Antoine de Saint-ExupĂ©ry', author='The Little Prince', publicationDate=1943-01-01}, Book{title='C.S. Lewis', author='The Lion, the Witch, and the Wardrobe', publicationDate=1950-01-01}, Book{title='Charles Dickens', author='A Tale of Two Cities', publicationDate=1859-01-01}]
[Book{title='C.S. Lewis', author='The Lion, the Witch, and the Wardrobe', publicationDate=1950-01-01}, Book{title='J.K. Rowling', author='Harry Potter and the Philosopher's Stone', publicationDate=1997-01-01}, Book{title='Charles Dickens', author='A Tale of Two Cities', publicationDate=1859-01-01}, Book{title='H. Rider Haggard', author='She: A History of Adventure', publicationDate=1886-01-01}, Book{title='Antoine de Saint-ExupĂ©ry', author='The Little Prince', publicationDate=1943-01-01}, Book{title='Dan Brown', author='The Da Vinci Code', publicationDate=2003-01-01}, Book{title='Cao Xueqin', author='Dream of the Red Chamber', publicationDate=1791-01-01}]
]]></system-out>
  <system-err><![CDATA[]]></system-err>
</testsuite>
