<?xml version="1.0" encoding="UTF-8"?>
<testsuite name="com.learning.patterns.strategy.socialmedia.UserTestSuite" tests="1" skipped="0" failures="0" errors="0" timestamp="2019-02-22T23:34:44" hostname="devMaz-Laptop" time="0.003">
  <properties/>
  <testcase name="testDefaultSharingStrategies" classname="com.learning.patterns.strategy.socialmedia.UserTestSuite" time="0.003"/>
  <system-out><![CDATA[]]></system-out>
  <system-err><![CDATA[]]></system-err>
</testsuite>
