<?xml version="1.0" encoding="UTF-8"?>
<testsuite name="com.learning.patterns.singleton.LoggerTestSuite" tests="1" skipped="0" failures="0" errors="0" timestamp="2019-02-22T23:34:44" hostname="devMaz-Laptop" time="0.001">
  <properties/>
  <testcase name="testLogger" classname="com.learning.patterns.singleton.LoggerTestSuite" time="0.001"/>
  <system-out><![CDATA[Log: [logging]
Log: [next logging]
]]></system-out>
  <system-err><![CDATA[]]></system-err>
</testsuite>
