<?xml version="1.0" encoding="UTF-8"?>
<testsuite name="com.learning.patterns.factory.ShapeFactoryTestSuite" tests="3" skipped="0" failures="0" errors="0" timestamp="2019-02-22T23:34:44" hostname="devMaz-Laptop" time="0.005">
  <properties/>
  <testcase name="testFactorySquare" classname="com.learning.patterns.factory.ShapeFactoryTestSuite" time="0.002"/>
  <testcase name="testFactoryCicle" classname="com.learning.patterns.factory.ShapeFactoryTestSuite" time="0.001"/>
  <testcase name="testFactoryRectangle" classname="com.learning.patterns.factory.ShapeFactoryTestSuite" time="0.001"/>
  <system-out><![CDATA[]]></system-out>
  <system-err><![CDATA[]]></system-err>
</testsuite>
