<?xml version="1.0" encoding="UTF-8"?>
<testsuite name="com.learning.patterns.factory.Task.TaskFactoryTestSuite" tests="3" skipped="0" failures="0" errors="0" timestamp="2019-02-22T23:34:44" hostname="devMaz-Laptop" time="0.007">
  <properties/>
  <testcase name="testFactoryPainting" classname="com.learning.patterns.factory.Task.TaskFactoryTestSuite" time="0.004"/>
  <testcase name="testFactoryDriving" classname="com.learning.patterns.factory.Task.TaskFactoryTestSuite" time="0.001"/>
  <testcase name="testFactoryShopping" classname="com.learning.patterns.factory.Task.TaskFactoryTestSuite" time="0.002"/>
  <system-out><![CDATA[Executing task: New painting
Executing task: New course
Executing task: Go to shopping
]]></system-out>
  <system-err><![CDATA[]]></system-err>
</testsuite>
