<?xml version="1.0" encoding="UTF-8"?>
<testsuite name="com.learning.patterns.singleton.SettingFileEngineTestSuite" tests="3" skipped="0" failures="0" errors="0" timestamp="2019-02-22T23:34:44" hostname="devMaz-Laptop" time="0.001">
  <properties/>
  <testcase name="testSaveSettings" classname="com.learning.patterns.singleton.SettingFileEngineTestSuite" time="0.0"/>
  <testcase name="testLoadSettings" classname="com.learning.patterns.singleton.SettingFileEngineTestSuite" time="0.0"/>
  <testcase name="testGetFileName" classname="com.learning.patterns.singleton.SettingFileEngineTestSuite" time="0.0"/>
  <system-out><![CDATA[Opening file
Saving files
Loading settings from file
Opened: myapp.settings
Closing file
]]></system-out>
  <system-err><![CDATA[]]></system-err>
</testsuite>
