<?xml version="1.0" encoding="UTF-8"?>
<testsuite name="com.learning.patterns.strategy.CustomerTestSuite" tests="2" skipped="0" failures="0" errors="0" timestamp="2019-02-22T23:34:44" hostname="devMaz-Laptop" time="0.007">
  <properties/>
  <testcase name="testDefaultInvestingStratgies" classname="com.learning.patterns.strategy.CustomerTestSuite" time="0.006"/>
  <testcase name="testIndividualInvestingStrategy" classname="com.learning.patterns.strategy.CustomerTestSuite" time="0.001"/>
  <system-out><![CDATA[Company should use: Balanced predictor
User should use: Conservative predictor
Student should use: Aggressive predictor
Customer Name should use: Balanced predictor
]]></system-out>
  <system-err><![CDATA[]]></system-err>
</testsuite>
